{
  "stats": {
    "suites": 1,
    "tests": 1,
    "passes": 1,
    "pending": 0,
    "failures": 0,
    "start": "2025-11-01T03:38:03.486Z",
    "end": "2025-11-01T03:38:24.146Z",
    "duration": 20660,
    "testsRegistered": 1,
    "passPercent": 100,
    "pendingPercent": 0,
    "other": 0,
    "hasOther": false,
    "skipped": 0,
    "hasSkipped": false
  },
  "results": [
    {
      "uuid": "0e5bfb55-b935-401e-9d2a-f3869638dc69",
      "title": "",
      "fullFile": "cypress\\e2e\\tests\\TestCase1.cy.js",
      "file": "cypress\\e2e\\tests\\TestCase1.cy.js",
      "beforeHooks": [],
      "afterHooks": [],
      "tests": [],
      "suites": [
        {
          "uuid": "966c0fa4-e4f3-4c43-8652-c49004235cc0",
          "title": "Test Case 1 - Registro de novo usuário",
          "fullFile": "",
          "file": "",
          "beforeHooks": [],
          "afterHooks": [],
          "tests": [
            {
              "title": "Deve registrar um novo usuário com sucesso e excluir a conta",
              "fullTitle": "Test Case 1 - Registro de novo usuário Deve registrar um novo usuário com sucesso e excluir a conta",
              "timedOut": null,
              "duration": 18422,
              "state": "passed",
              "speed": "slow",
              "pass": true,
              "fail": false,
              "pending": false,
              "context": null,
              "code": "// Passo 4: Clicar em 'Cadastrar-se / Entrar'\ncy.contains('Signup / Login').click();\n// Passo 5: Verificar se \"Novo usuário se cadastrando!\" está visível\ncy.contains('New User Signup!').should('be.visible');\n// Passo 6: Inserir nome e e-mail\nconst timestamp = Date.now();\nconst user = {\n  name: 'Felipe Souza',\n  email: `felipe_${timestamp}@example.com`,\n  password: '123456'\n};\ncy.get('input[data-qa=\"signup-name\"]').type(user.name);\ncy.get('input[data-qa=\"signup-email\"]').type(user.email);\n// Passo 7: Clicar no botão 'Cadastrar'\ncy.get('button[data-qa=\"signup-button\"]').click();\n// Passo 8: Verificar se 'INSERIR INFORMAÇÕES DA CONTA' está visível\ncy.contains('Enter Account Information').should('be.visible');\n// Passo 9: Preencher detalhes da conta\ncy.get('#id_gender1').check();\ncy.get('#name').should('have.value', user.name);\ncy.get('#email').should('have.value', user.email);\ncy.get('#password').type(user.password);\ncy.get('#days').select('10');\ncy.get('#months').select('May');\ncy.get('#years').select('1990');\n// Passo 10 e 11: Selecionar checkboxes\ncy.get('#newsletter').check();\ncy.get('#optin').check();\n// Passo 12: Preencher detalhes adicionais\ncy.get('#first_name').type('Felipe');\ncy.get('#last_name').type('Souza');\ncy.get('#company').type('Exemplo Ltda');\ncy.get('#address1').type('Rua Teste 123');\ncy.get('#address2').type('Apto 456');\ncy.get('#country').select('Canada');\ncy.get('#state').type('Ontario');\ncy.get('#city').type('Toronto');\ncy.get('#zipcode').type('12345');\ncy.get('#mobile_number').type('11999999999');\n// Passo 13: Clicar no botão 'Criar conta'\ncy.get('button[data-qa=\"create-account\"]').click();\n// Passo 14: Verificar se a mensagem \"CONTA CRIADA!\" está visível\ncy.contains('Account Created!').should('be.visible');\n// Passo 15: Clicar no botão 'Continuar'\ncy.get('a[data-qa=\"continue-button\"]').click();\n// Passo 16: Verificar se \"Conectado como [nome]\" está visível\ncy.get('a').contains(`Logged in as ${user.name}`).should('be.visible');\n// Passo 17: Clicar no botão \"Excluir conta\"\ncy.contains('Delete Account').click();\n// Passo 18: Verificar se a mensagem \"CONTA EXCLUÍDA!\" está visível e clicar em continuar\ncy.contains('Account Deleted!').should('be.visible');\ncy.get('a[data-qa=\"continue-button\"]').click();",
              "err": {},
              "uuid": "49e9b744-f77a-4b98-9c94-19952f5a7399",
              "parentUUID": "966c0fa4-e4f3-4c43-8652-c49004235cc0",
              "isHook": false,
              "skipped": false
            }
          ],
          "suites": [],
          "passes": [
            "49e9b744-f77a-4b98-9c94-19952f5a7399"
          ],
          "failures": [],
          "pending": [],
          "skipped": [],
          "duration": 18422,
          "root": false,
          "rootEmpty": false,
          "_timeout": 2000
        }
      ],
      "passes": [],
      "failures": [],
      "pending": [],
      "skipped": [],
      "duration": 0,
      "root": true,
      "rootEmpty": true,
      "_timeout": 2000
    }
  ],
  "meta": {
    "mocha": {
      "version": "7.2.0"
    },
    "mochawesome": {
      "options": {
        "quiet": false,
        "reportFilename": "mochawesome",
        "saveHtml": true,
        "saveJson": true,
        "consoleReporter": "spec",
        "useInlineDiffs": false,
        "code": true
      },
      "version": "7.1.4"
    },
    "marge": {
      "options": {
        "reportDir": "cypress/reports",
        "overwrite": false,
        "html": true,
        "json": true
      },
      "version": "6.3.0"
    }
  }
}