{
  "stats": {
    "suites": 1,
    "tests": 1,
    "passes": 1,
    "pending": 0,
    "failures": 0,
    "start": "2025-11-01T03:10:59.706Z",
    "end": "2025-11-01T03:11:20.639Z",
    "duration": 20933,
    "testsRegistered": 1,
    "passPercent": 100,
    "pendingPercent": 0,
    "other": 0,
    "hasOther": false,
    "skipped": 0,
    "hasSkipped": false
  },
  "results": [
    {
      "uuid": "c5897c9f-fbec-49c1-b3ad-5d1726830134",
      "title": "",
      "fullFile": "cypress\\e2e\\setup\\createUser.cy.js",
      "file": "cypress\\e2e\\setup\\createUser.cy.js",
      "beforeHooks": [],
      "afterHooks": [],
      "tests": [],
      "suites": [
        {
          "uuid": "68c7bf59-db33-47d3-abae-53b478def6a7",
          "title": "Criar usuário para testes futuros",
          "fullFile": "",
          "file": "",
          "beforeHooks": [],
          "afterHooks": [],
          "tests": [
            {
              "title": "Deve registrar um novo usuário no site",
              "fullTitle": "Criar usuário para testes futuros Deve registrar um novo usuário no site",
              "timedOut": null,
              "duration": 17520,
              "state": "passed",
              "speed": "slow",
              "pass": true,
              "fail": false,
              "pending": false,
              "context": null,
              "code": "const email = 'testcase_user@example.com';\nconst password = '123456';\ncy.visit('http://automationexercise.com');\ncy.contains('Signup / Login').click();\ncy.get('[data-qa=\"signup-name\"]').type('Usuário de Teste');\ncy.get('[data-qa=\"signup-email\"]').type(email);\ncy.get('[data-qa=\"signup-button\"]').click();\ncy.get('#id_gender1').check();\ncy.get('#password').type(password);\ncy.get('#days').select('10');\ncy.get('#months').select('May');\ncy.get('#years').select('1990');\ncy.get('#first_name').type('Teste');\ncy.get('#last_name').type('Usuário');\ncy.get('#address1').type('Rua Exemplo 123');\ncy.get('#country').select('Canada');\ncy.get('#state').type('SP');\ncy.get('#city').type('São Paulo');\ncy.get('#zipcode').type('12345');\ncy.get('#mobile_number').type('11999999999');\ncy.get('[data-qa=\"create-account\"]').click();\ncy.contains('Account Created!').should('be.visible');\ncy.get('[data-qa=\"continue-button\"]').click();",
              "err": {},
              "uuid": "54009be6-e6b1-49ed-ad62-9c0317951591",
              "parentUUID": "68c7bf59-db33-47d3-abae-53b478def6a7",
              "isHook": false,
              "skipped": false
            }
          ],
          "suites": [],
          "passes": [
            "54009be6-e6b1-49ed-ad62-9c0317951591"
          ],
          "failures": [],
          "pending": [],
          "skipped": [],
          "duration": 17520,
          "root": false,
          "rootEmpty": false,
          "_timeout": 2000
        }
      ],
      "passes": [],
      "failures": [],
      "pending": [],
      "skipped": [],
      "duration": 0,
      "root": true,
      "rootEmpty": true,
      "_timeout": 2000
    }
  ],
  "meta": {
    "mocha": {
      "version": "7.2.0"
    },
    "mochawesome": {
      "options": {
        "quiet": false,
        "reportFilename": "mochawesome",
        "saveHtml": true,
        "saveJson": true,
        "consoleReporter": "spec",
        "useInlineDiffs": false,
        "code": true
      },
      "version": "7.1.4"
    },
    "marge": {
      "options": {
        "reportDir": "cypress/reports",
        "overwrite": false,
        "html": true,
        "json": true
      },
      "version": "6.3.0"
    }
  }
}