{
  "stats": {
    "suites": 1,
    "tests": 1,
    "passes": 1,
    "pending": 0,
    "failures": 0,
    "start": "2025-11-01T04:00:40.019Z",
    "end": "2025-11-01T04:00:44.120Z",
    "duration": 4101,
    "testsRegistered": 1,
    "passPercent": 100,
    "pendingPercent": 0,
    "other": 0,
    "hasOther": false,
    "skipped": 0,
    "hasSkipped": false
  },
  "results": [
    {
      "uuid": "72bdbb4b-030b-4613-b5d6-dcd61389f01f",
      "title": "",
      "fullFile": "cypress\\e2e\\tests\\TestCase10.cy.js",
      "file": "cypress\\e2e\\tests\\TestCase10.cy.js",
      "beforeHooks": [],
      "afterHooks": [],
      "tests": [],
      "suites": [
        {
          "uuid": "33bc7d50-c7d3-41f3-9132-1a818394d928",
          "title": "Test Case 10 - Verificar inscrição no rodapé da home page",
          "fullFile": "",
          "file": "",
          "beforeHooks": [],
          "afterHooks": [],
          "tests": [
            {
              "title": "Deve verificar a inscrição no rodapé com sucesso",
              "fullTitle": "Test Case 10 - Verificar inscrição no rodapé da home page Deve verificar a inscrição no rodapé com sucesso",
              "timedOut": null,
              "duration": 4032,
              "state": "passed",
              "speed": "fast",
              "pass": true,
              "fail": false,
              "pending": false,
              "context": null,
              "code": "// 3. Verifica se a home page está visível\ncy.get('.carousel-inner', {\n  timeout: 10000\n}).should('be.visible');\n// 4. Faz scroll até o rodapé\ncy.scrollTo('bottom');\n// 5. Verifica o texto 'SUBSCRIPTION'\ncy.contains('Subscription', {\n  timeout: 10000\n}).should('be.visible');\n// 6. Digita o email e clica no botão de inscrição\ncy.get('#susbscribe_email').type('felipe.teste@exemplo.com');\ncy.get('#subscribe').click();\n// 7. Verifica a mensagem de sucesso\ncy.contains('You have been successfully subscribed!', {\n  timeout: 10000\n}).should('be.visible');",
              "err": {},
              "uuid": "ee72fb37-68f0-4140-add1-c8050a535c5a",
              "parentUUID": "33bc7d50-c7d3-41f3-9132-1a818394d928",
              "isHook": false,
              "skipped": false
            }
          ],
          "suites": [],
          "passes": [
            "ee72fb37-68f0-4140-add1-c8050a535c5a"
          ],
          "failures": [],
          "pending": [],
          "skipped": [],
          "duration": 4032,
          "root": false,
          "rootEmpty": false,
          "_timeout": 2000
        }
      ],
      "passes": [],
      "failures": [],
      "pending": [],
      "skipped": [],
      "duration": 0,
      "root": true,
      "rootEmpty": true,
      "_timeout": 2000
    }
  ],
  "meta": {
    "mocha": {
      "version": "7.2.0"
    },
    "mochawesome": {
      "options": {
        "quiet": false,
        "reportFilename": "mochawesome",
        "saveHtml": true,
        "saveJson": true,
        "consoleReporter": "spec",
        "useInlineDiffs": false,
        "code": true
      },
      "version": "7.1.4"
    },
    "marge": {
      "options": {
        "reportDir": "cypress/reports",
        "overwrite": false,
        "html": true,
        "json": true
      },
      "version": "6.3.0"
    }
  }
}