{
  "stats": {
    "suites": 1,
    "tests": 1,
    "passes": 1,
    "pending": 0,
    "failures": 0,
    "start": "2025-11-01T03:48:17.182Z",
    "end": "2025-11-01T03:49:00.571Z",
    "duration": 43389,
    "testsRegistered": 1,
    "passPercent": 100,
    "pendingPercent": 0,
    "other": 0,
    "hasOther": false,
    "skipped": 0,
    "hasSkipped": false
  },
  "results": [
    {
      "uuid": "73d66065-fc24-4cc5-802b-dbbebf268daf",
      "title": "",
      "fullFile": "cypress\\e2e\\tests\\TestCase2.cy.js",
      "file": "cypress\\e2e\\tests\\TestCase2.cy.js",
      "beforeHooks": [],
      "afterHooks": [],
      "tests": [],
      "suites": [
        {
          "uuid": "14745cb4-491e-41e4-9e9b-84e199cea8a1",
          "title": "Test Case 2 - Login com email e senha corretos",
          "fullFile": "",
          "file": "",
          "beforeHooks": [],
          "afterHooks": [],
          "tests": [
            {
              "title": "Deve fazer login com sucesso e excluir a conta",
              "fullTitle": "Test Case 2 - Login com email e senha corretos Deve fazer login com sucesso e excluir a conta",
              "timedOut": null,
              "duration": 43311,
              "state": "passed",
              "speed": "slow",
              "pass": true,
              "fail": false,
              "pending": false,
              "context": null,
              "code": "cy.visit('https://automationexercise.com');\ncy.get('body').should('be.visible');\ncy.contains('Signup / Login').click();\ncy.contains('Login to your account').should('be.visible');\ncy.get('input[data-qa=\"login-email\"]').type(email);\ncy.get('input[data-qa=\"login-password\"]').type(password);\ncy.get('button[data-qa=\"login-button\"]').click();\ncy.get('a').contains(`Logged in as ${name}`).should('be.visible');\ncy.contains('Delete Account').click();\ncy.contains('Account Deleted!').should('be.visible');\ncy.get('a[data-qa=\"continue-button\"]').click();",
              "err": {},
              "uuid": "31d1aaa7-96d9-411e-af36-bca40fd799dc",
              "parentUUID": "14745cb4-491e-41e4-9e9b-84e199cea8a1",
              "isHook": false,
              "skipped": false
            }
          ],
          "suites": [],
          "passes": [
            "31d1aaa7-96d9-411e-af36-bca40fd799dc"
          ],
          "failures": [],
          "pending": [],
          "skipped": [],
          "duration": 43311,
          "root": false,
          "rootEmpty": false,
          "_timeout": 2000
        }
      ],
      "passes": [],
      "failures": [],
      "pending": [],
      "skipped": [],
      "duration": 0,
      "root": true,
      "rootEmpty": true,
      "_timeout": 2000
    }
  ],
  "meta": {
    "mocha": {
      "version": "7.2.0"
    },
    "mochawesome": {
      "options": {
        "quiet": false,
        "reportFilename": "mochawesome",
        "saveHtml": true,
        "saveJson": true,
        "consoleReporter": "spec",
        "useInlineDiffs": false,
        "code": true
      },
      "version": "7.1.4"
    },
    "marge": {
      "options": {
        "reportDir": "cypress/reports",
        "overwrite": false,
        "html": true,
        "json": true
      },
      "version": "6.3.0"
    }
  }
}