{
  "stats": {
    "suites": 1,
    "tests": 1,
    "passes": 0,
    "pending": 0,
    "failures": 1,
    "start": "2025-11-01T03:37:50.058Z",
    "end": "2025-11-01T03:38:01.859Z",
    "duration": 11801,
    "testsRegistered": 1,
    "passPercent": 0,
    "pendingPercent": 0,
    "other": 0,
    "hasOther": false,
    "skipped": 0,
    "hasSkipped": false
  },
  "results": [
    {
      "uuid": "149dc6f6-6a29-48de-aaf8-2652dab94127",
      "title": "",
      "fullFile": "cypress\\e2e\\setup\\createUser.cy.js",
      "file": "cypress\\e2e\\setup\\createUser.cy.js",
      "beforeHooks": [],
      "afterHooks": [],
      "tests": [],
      "suites": [
        {
          "uuid": "66079b2e-0d61-4f74-9cb4-096b3f0a57b7",
          "title": "Criar usuário para testes futuros",
          "fullFile": "",
          "file": "",
          "beforeHooks": [],
          "afterHooks": [],
          "tests": [
            {
              "title": "Deve registrar um novo usuário no site",
              "fullTitle": "Criar usuário para testes futuros Deve registrar um novo usuário no site",
              "timedOut": null,
              "duration": 9147,
              "state": "failed",
              "speed": null,
              "pass": false,
              "fail": true,
              "pending": false,
              "context": null,
              "code": "const email = 'testcase_user@example.com';\nconst password = '123456';\ncy.visit('http://automationexercise.com');\ncy.contains('Signup / Login').click();\ncy.get('[data-qa=\"signup-name\"]').type('Usuário de Teste');\ncy.get('[data-qa=\"signup-email\"]').type(email);\ncy.get('[data-qa=\"signup-button\"]').click();\ncy.get('#id_gender1').check();\ncy.get('#password').type(password);\ncy.get('#days').select('10');\ncy.get('#months').select('May');\ncy.get('#years').select('1990');\ncy.get('#first_name').type('Teste');\ncy.get('#last_name').type('Usuário');\ncy.get('#address1').type('Rua Exemplo 123');\ncy.get('#country').select('Canada');\ncy.get('#state').type('SP');\ncy.get('#city').type('São Paulo');\ncy.get('#zipcode').type('12345');\ncy.get('#mobile_number').type('11999999999');\ncy.get('[data-qa=\"create-account\"]').click();\ncy.contains('Account Created!').should('be.visible');\ncy.get('[data-qa=\"continue-button\"]').click();",
              "err": {
                "message": "AssertionError: Timed out retrying after 4000ms: Expected to find element: `#id_gender1`, but never found it.",
                "estack": "AssertionError: Timed out retrying after 4000ms: Expected to find element: `#id_gender1`, but never found it.\n    at Context.eval (webpack://automationexercise/./cypress/e2e/setup/createUser.cy.js:14:7)",
                "diff": null
              },
              "uuid": "be69cb6b-3b29-4474-b59f-ca4b044bd57d",
              "parentUUID": "66079b2e-0d61-4f74-9cb4-096b3f0a57b7",
              "isHook": false,
              "skipped": false
            }
          ],
          "suites": [],
          "passes": [],
          "failures": [
            "be69cb6b-3b29-4474-b59f-ca4b044bd57d"
          ],
          "pending": [],
          "skipped": [],
          "duration": 9147,
          "root": false,
          "rootEmpty": false,
          "_timeout": 2000
        }
      ],
      "passes": [],
      "failures": [],
      "pending": [],
      "skipped": [],
      "duration": 0,
      "root": true,
      "rootEmpty": true,
      "_timeout": 2000
    }
  ],
  "meta": {
    "mocha": {
      "version": "7.2.0"
    },
    "mochawesome": {
      "options": {
        "quiet": false,
        "reportFilename": "mochawesome",
        "saveHtml": true,
        "saveJson": true,
        "consoleReporter": "spec",
        "useInlineDiffs": false,
        "code": true
      },
      "version": "7.1.4"
    },
    "marge": {
      "options": {
        "reportDir": "cypress/reports",
        "overwrite": false,
        "html": true,
        "json": true
      },
      "version": "6.3.0"
    }
  }
}