{
  "stats": {
    "suites": 1,
    "tests": 1,
    "passes": 1,
    "pending": 0,
    "failures": 0,
    "start": "2025-11-01T03:40:59.536Z",
    "end": "2025-11-01T03:41:46.366Z",
    "duration": 46830,
    "testsRegistered": 1,
    "passPercent": 100,
    "pendingPercent": 0,
    "other": 0,
    "hasOther": false,
    "skipped": 0,
    "hasSkipped": false
  },
  "results": [
    {
      "uuid": "e5eb8f0c-cef7-43d2-9228-a3fd6909914d",
      "title": "",
      "fullFile": "cypress\\e2e\\tests\\TestCase5.cy.js",
      "file": "cypress\\e2e\\tests\\TestCase5.cy.js",
      "beforeHooks": [],
      "afterHooks": [],
      "tests": [],
      "suites": [
        {
          "uuid": "6e85d111-bfdf-4f08-b794-41422086c25a",
          "title": "Test Case 5 - Registro com email já existente",
          "fullFile": "",
          "file": "",
          "beforeHooks": [],
          "afterHooks": [],
          "tests": [
            {
              "title": "Deve exibir erro ao tentar registrar com email já existente",
              "fullTitle": "Test Case 5 - Registro com email já existente Deve exibir erro ao tentar registrar com email já existente",
              "timedOut": null,
              "duration": 23142,
              "state": "passed",
              "speed": "slow",
              "pass": true,
              "fail": false,
              "pending": false,
              "context": null,
              "code": "// 2. Acessa o site\ncy.visit('https://automationexercise.com');\n// 3. Verifica se a home page está visível\ncy.get('.carousel-inner', {\n  timeout: 10000\n}).should('be.visible');\n// 4. Clica em 'Cadastrar-se / Entrar'\ncy.contains('Signup / Login').click();\n// 5. Verifica se \"Novo usuário se cadastrando!\" está visível\ncy.contains('New User Signup!', {\n  timeout: 10000\n}).should('be.visible');\n// 6. Insere nome e e-mail já cadastrado\ncy.get('input[data-qa=\"signup-name\"]').type(name);\ncy.get('input[data-qa=\"signup-email\"]').type(email);\n// 7. Clica no botão 'Cadastrar'\ncy.get('button[data-qa=\"signup-button\"]').click();\n// 8. Verifica se a mensagem de erro está visível\ncy.contains('Email Address already exist!', {\n  timeout: 10000\n}).should('be.visible');",
              "err": {},
              "uuid": "6fe47892-d94f-4ae1-aa93-b248dcab8669",
              "parentUUID": "6e85d111-bfdf-4f08-b794-41422086c25a",
              "isHook": false,
              "skipped": false
            }
          ],
          "suites": [],
          "passes": [
            "6fe47892-d94f-4ae1-aa93-b248dcab8669"
          ],
          "failures": [],
          "pending": [],
          "skipped": [],
          "duration": 23142,
          "root": false,
          "rootEmpty": false,
          "_timeout": 2000
        }
      ],
      "passes": [],
      "failures": [],
      "pending": [],
      "skipped": [],
      "duration": 0,
      "root": true,
      "rootEmpty": true,
      "_timeout": 2000
    }
  ],
  "meta": {
    "mocha": {
      "version": "7.2.0"
    },
    "mochawesome": {
      "options": {
        "quiet": false,
        "reportFilename": "mochawesome",
        "saveHtml": true,
        "saveJson": true,
        "consoleReporter": "spec",
        "useInlineDiffs": false,
        "code": true
      },
      "version": "7.1.4"
    },
    "marge": {
      "options": {
        "reportDir": "cypress/reports",
        "overwrite": false,
        "html": true,
        "json": true
      },
      "version": "6.3.0"
    }
  }
}