{
  "stats": {
    "suites": 1,
    "tests": 1,
    "passes": 1,
    "pending": 0,
    "failures": 0,
    "start": "2025-11-01T03:40:07.240Z",
    "end": "2025-11-01T03:40:57.336Z",
    "duration": 50096,
    "testsRegistered": 1,
    "passPercent": 100,
    "pendingPercent": 0,
    "other": 0,
    "hasOther": false,
    "skipped": 0,
    "hasSkipped": false
  },
  "results": [
    {
      "uuid": "9e012e5e-625e-4479-b191-7423e7fc8131",
      "title": "",
      "fullFile": "cypress\\e2e\\tests\\TestCase4.cy.js",
      "file": "cypress\\e2e\\tests\\TestCase4.cy.js",
      "beforeHooks": [],
      "afterHooks": [],
      "tests": [],
      "suites": [
        {
          "uuid": "3fcec51c-b25f-4b57-a755-81e565f23476",
          "title": "Test Case 4 - Logout de usuário após login bem-sucedido",
          "fullFile": "",
          "file": "",
          "beforeHooks": [],
          "afterHooks": [],
          "tests": [
            {
              "title": "Deve fazer login com sucesso e realizar logout",
              "fullTitle": "Test Case 4 - Logout de usuário após login bem-sucedido Deve fazer login com sucesso e realizar logout",
              "timedOut": null,
              "duration": 27516,
              "state": "passed",
              "speed": "slow",
              "pass": true,
              "fail": false,
              "pending": false,
              "context": null,
              "code": "// 2. Acessa o site\ncy.visit('https://automationexercise.com');\n// 3. Verifica se a home page está visível\ncy.get('.carousel-inner', {\n  timeout: 10000\n}).should('be.visible');\n// 4. Clica em 'Cadastrar-se / Entrar'\ncy.contains('Signup / Login').click();\n// 5. Verifica se \"Faça login na sua conta\" está visível\ncy.contains('Login to your account', {\n  timeout: 10000\n}).should('be.visible');\n// 6. Insere email e senha válidos\ncy.get('input[data-qa=\"login-email\"]').type(email);\ncy.get('input[data-qa=\"login-password\"]').type(password);\n// 7. Clica em 'entrar'\ncy.get('button[data-qa=\"login-button\"]').click();\n// 8. Verifica se \"Conectado como [nome]\" está visível\ncy.contains(`Logged in as ${name}`, {\n  timeout: 10000\n}).should('be.visible');\n// 9. Clica no botão 'Sair'\ncy.contains('Logout', {\n  timeout: 10000\n}).should('be.visible').click();\n// 10. Verifica se voltou para a página de login\ncy.contains('Login to your account', {\n  timeout: 10000\n}).should('be.visible');",
              "err": {},
              "uuid": "67862d85-a22d-4361-94f7-44e7e31c7f82",
              "parentUUID": "3fcec51c-b25f-4b57-a755-81e565f23476",
              "isHook": false,
              "skipped": false
            }
          ],
          "suites": [],
          "passes": [
            "67862d85-a22d-4361-94f7-44e7e31c7f82"
          ],
          "failures": [],
          "pending": [],
          "skipped": [],
          "duration": 27516,
          "root": false,
          "rootEmpty": false,
          "_timeout": 2000
        }
      ],
      "passes": [],
      "failures": [],
      "pending": [],
      "skipped": [],
      "duration": 0,
      "root": true,
      "rootEmpty": true,
      "_timeout": 2000
    }
  ],
  "meta": {
    "mocha": {
      "version": "7.2.0"
    },
    "mochawesome": {
      "options": {
        "quiet": false,
        "reportFilename": "mochawesome",
        "saveHtml": true,
        "saveJson": true,
        "consoleReporter": "spec",
        "useInlineDiffs": false,
        "code": true
      },
      "version": "7.1.4"
    },
    "marge": {
      "options": {
        "reportDir": "cypress/reports",
        "overwrite": false,
        "html": true,
        "json": true
      },
      "version": "6.3.0"
    }
  }
}